<?xml version="1.0" encoding="UTF-8"?>
<!-- Generated by org.testng.reporters.JUnitReportReporter -->
<testsuite hostname="SHIVAREDDY" failures="0" tests="1" name="TestPackage2.Test2" time="0.008" errors="0" timestamp="2023-04-26T14:57:00 IST" skipped="0">
  <testcase classname="TestPackage2.Test2" name="tc1" time="0.008"/>
  <system-out/>
</testsuite> <!-- TestPackage2.Test2 -->
