<?xml version="1.0" encoding="UTF-8"?>
<!-- Generated by org.testng.reporters.JUnitReportReporter -->
<testsuite hostname="SHIVAREDDY" failures="0" tests="1" name="TestPackage1.Test3" time="0.006" errors="0" timestamp="2023-04-19T12:44:48 IST" skipped="0">
  <testcase classname="TestPackage1.Test3" name="tc5" time="0.006"/>
  <system-out/>
</testsuite> <!-- TestPackage1.Test3 -->
