<?xml version="1.0" encoding="UTF-8"?>
<!-- Generated by org.testng.reporters.JUnitReportReporter -->
<testsuite hostname="SHIVAREDDY" failures="0" tests="1" name="TestPackage1.Test2" time="14.240" errors="0" timestamp="2023-04-19T12:36:27 IST" skipped="0">
  <testcase classname="TestPackage1.Test2" name="tc1" time="14.240"/>
  <system-out/>
</testsuite> <!-- TestPackage1.Test2 -->
