<?xml version="1.0" encoding="UTF-8"?>
<!-- Generated by org.testng.reporters.JUnitReportReporter -->
<testsuite hostname="SHIVAREDDY" failures="0" tests="1" name="TestPackage1.Test1" time="15.089" errors="0" timestamp="2023-04-17T22:05:44 IST" skipped="0">
  <testcase classname="TestPackage1.Test1" name="tc1" time="15.089"/>
  <system-out>
    <![CDATA[Online Shopping site in India: Shop Online for Mobiles, Books, Watches, Shoes and More - Amazon.in
https://www.amazon.in/
Online Shopping site in India: Shop Online for Mobiles, Books, Watches, Shoes and More - Amazon.in]]>
  </system-out>
</testsuite> <!-- TestPackage1.Test1 -->
