<?xml version="1.0" encoding="UTF-8"?>
<!-- Generated by org.testng.reporters.JUnitReportReporter -->
<testsuite hostname="SHIVAREDDY" failures="0" tests="1" name="TestPackage1.Test8" time="17.093" errors="0" timestamp="2023-04-21T10:27:45 IST" skipped="0">
  <testcase classname="TestPackage1.Test8" name="tc1" time="17.093"/>
  <system-out/>
</testsuite> <!-- TestPackage1.Test8 -->
