<?xml version="1.0" encoding="UTF-8"?>
<!-- Generated by org.testng.reporters.JUnitReportReporter -->
<testsuite hostname="SHIVAREDDY" failures="0" tests="1" name="TestPackage2.Test1" time="22.569" errors="0" timestamp="2023-04-25T20:25:26 IST" skipped="0">
  <testcase classname="TestPackage2.Test1" name="tc1" time="22.569"/>
  <system-out/>
</testsuite> <!-- TestPackage2.Test1 -->
