<?xml version="1.0" encoding="UTF-8"?>
<!-- Generated by org.testng.reporters.JUnitReportReporter -->
<testsuite hostname="SHIVAREDDY" failures="0" tests="1" name="TestPackage1.Test2" time="17.421" errors="0" timestamp="2023-04-27T11:23:42 IST" skipped="0">
  <testcase classname="TestPackage1.Test2" name="tc1" time="17.421"/>
  <system-out/>
</testsuite> <!-- TestPackage1.Test2 -->
