<?xml version="1.0" encoding="UTF-8"?>
<!-- Generated by org.testng.reporters.JUnitReportReporter -->
<testsuite hostname="SHIVAREDDY" failures="0" tests="3" name="TestPackage1.Test7" time="0.001" errors="0" timestamp="2023-04-27T11:23:42 IST" skipped="0">
  <testcase classname="TestPackage1.Test7" name="tc1" time="0.001"/>
  <system-out/>
  <testcase classname="TestPackage1.Test7" name="tc3" time="0.000"/>
  <system-out/>
  <testcase classname="TestPackage1.Test7" name="tc2" time="0.000"/>
  <system-out/>
</testsuite> <!-- TestPackage1.Test7 -->
